[debug] [2024-04-23T10:29:21.682Z] ----------------------------------------------------------------------
[debug] [2024-04-23T10:29:21.690Z] Command:       C:\Program Files\nodejs\node.exe C:\Users\Locha\AppData\Roaming\npm\node_modules\firebase-tools\lib\bin\firebase.js init
[debug] [2024-04-23T10:29:21.691Z] CLI Version:   13.7.3
[debug] [2024-04-23T10:29:21.691Z] Platform:      win32
[debug] [2024-04-23T10:29:21.692Z] Node Version:  v20.11.1
[debug] [2024-04-23T10:29:21.692Z] Time:          Tue Apr 23 2024 13:29:21 GMT+0300 (East Africa Time)
[debug] [2024-04-23T10:29:21.692Z] ----------------------------------------------------------------------
[debug] 
[debug] [2024-04-23T10:29:21.706Z] > command requires scopes: ["email","openid","https://www.googleapis.com/auth/cloudplatformprojects.readonly","https://www.googleapis.com/auth/firebase","https://www.googleapis.com/auth/cloud-platform"]
[debug] [2024-04-23T10:29:21.708Z] > authorizing via signed-in user (locha.softwaredev@gmail.com)
[info] 
     ######## #### ########  ######## ########     ###     ######  ########
     ##        ##  ##     ## ##       ##     ##  ##   ##  ##       ##
     ######    ##  ########  ######   ########  #########  ######  ######
     ##        ##  ##    ##  ##       ##     ## ##     ##       ## ##
     ##       #### ##     ## ######## ########  ##     ##  ######  ########

You're about to initialize a Firebase project in this directory:

  C:\Users\Locha\Dev\learn\TasksManagementFirebase

[info] 
=== Project Setup
[info] 
[info] First, let's associate this project directory with a Firebase project.
[info] You can create multiple project aliases by running firebase use --add, 
[info] but for now we'll just set up a default project.
[info] 
[debug] [2024-04-23T10:30:13.028Z] >>> [apiv2][query] GET https://firebase.googleapis.com/v1beta1/projects pageSize=100
[debug] [2024-04-23T10:30:13.910Z] <<< [apiv2][status] GET https://firebase.googleapis.com/v1beta1/projects 200
[debug] [2024-04-23T10:30:13.910Z] <<< [apiv2][body] GET https://firebase.googleapis.com/v1beta1/projects [omitted]
[info] i  Using project task-management-693be (Task management) 
[info] 
=== Hosting Setup
[debug] [2024-04-23T10:30:30.880Z] >>> [apiv2][query] GET https://firebase.googleapis.com/v1beta1/projects/task-management-693be [none]
[debug] [2024-04-23T10:30:31.490Z] <<< [apiv2][status] GET https://firebase.googleapis.com/v1beta1/projects/task-management-693be 200
[debug] [2024-04-23T10:30:31.490Z] <<< [apiv2][body] GET https://firebase.googleapis.com/v1beta1/projects/task-management-693be {"projectId":"task-management-693be","projectNumber":"534165362582","displayName":"Task management","name":"projects/task-management-693be","resources":{"hostingSite":"task-management-693be"},"state":"ACTIVE","etag":"1_99821f85-4d67-4d97-a244-16c87d024efb"}
[info] 
[info] Your public directory is the folder (relative to your project directory) that
[info] will contain Hosting assets to be uploaded with firebase deploy. If you
[info] have a build process for your assets, use your build's output directory.
[info] 
[debug] [2024-04-23T10:31:20.967Z] >>> [apiv2][query] GET https://www.gstatic.com/firebasejs/releases.json [none]
[debug] [2024-04-23T10:31:21.207Z] <<< [apiv2][status] GET https://www.gstatic.com/firebasejs/releases.json 200
[debug] [2024-04-23T10:31:21.207Z] <<< [apiv2][body] GET https://www.gstatic.com/firebasejs/releases.json {"current":{"version":"10.11.0","browserURL":"https://www.gstatic.com/firebasejs/10.11.0/firebase.js","packageURL":"https://www.gstatic.com/firebasejs/10.11.0/firebase.tgz"},"live":{"version":"10.11","browserURL":"https://www.gstatic.com/firebasejs/live/10.11/firebase.js","packageURL":"https://www.gstatic.com/firebasejs/live/10.11/firebase.tgz"},"components":{"analytics":"https://www.gstatic.com/firebasejs/10.11.0/firebase-analytics.js","app":"https://www.gstatic.com/firebasejs/10.11.0/firebase-app.js","app-check":"https://www.gstatic.com/firebasejs/10.11.0/firebase-app-check.js","auth":"https://www.gstatic.com/firebasejs/10.11.0/firebase-auth.js","auth/cordova":"https://www.gstatic.com/firebasejs/10.11.0/firebase-auth/cordova.js","auth/web-extension":"https://www.gstatic.com/firebasejs/10.11.0/firebase-auth/web-extension.js","functions":"https://www.gstatic.com/firebasejs/10.11.0/firebase-functions.js","firestore":"https://www.gstatic.com/firebasejs/10.11.0/firebase-firestore.js","firestore/lite":"https://www.gstatic.com/firebasejs/10.11.0/firebase-firestore/lite.js","installations":"https://www.gstatic.com/firebasejs/10.11.0/firebase-installations.js","storage":"https://www.gstatic.com/firebasejs/10.11.0/firebase-storage.js","performance":"https://www.gstatic.com/firebasejs/10.11.0/firebase-performance.js","remote-config":"https://www.gstatic.com/firebasejs/10.11.0/firebase-remote-config.js","messaging":"https://www.gstatic.com/firebasejs/10.11.0/firebase-messaging.js","messaging/sw":"https://www.gstatic.com/firebasejs/10.11.0/firebase-messaging/sw.js","database":"https://www.gstatic.com/firebasejs/10.11.0/firebase-database.js","firestore.memory":"https://www.gstatic.com/firebasejs/10.11.0/firebase-firestore.memory.js"}}
[info] +  Wrote public/index.html 
[info] 
[info] i  Didn't detect a .git folder. Assuming C:\Users\Locha\Dev\learn\TasksManagementFirebase is the project root. 
[info] i  Authorizing with GitHub to upload your service account to a GitHub repository's secrets store. 
[info] 
[info] Visit this URL on this device to log in:
[info] https://github.com/login/oauth/authorize?client_id=89cf50f02ac6aaed3484&state=678963089&redirect_uri=http%3A%2F%2Flocalhost%3A9005&scope=read%3Auser%20repo%20public_repo
[info] 
[info] Waiting for authentication...
[debug] [2024-04-23T10:32:55.008Z] >>> [apiv2][query] POST https://github.com/login/oauth/access_token [none]
[debug] [2024-04-23T10:32:55.009Z] >>> [apiv2][body] POST https://github.com/login/oauth/access_token [stream]
[debug] [2024-04-23T10:32:55.619Z] <<< [apiv2][status] POST https://github.com/login/oauth/access_token 200
[debug] [2024-04-23T10:32:55.620Z] <<< [apiv2][body] POST https://github.com/login/oauth/access_token {"access_token":"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","token_type":"bearer","scope":"read:user,repo"}
[debug] [2024-04-23T10:32:55.642Z] >>> [apiv2][query] GET https://api.github.com/user [none]
[debug] [2024-04-23T10:32:56.212Z] <<< [apiv2][status] GET https://api.github.com/user 200
[debug] [2024-04-23T10:32:56.213Z] <<< [apiv2][body] GET https://api.github.com/user {"login":"chalolowa","id":37082726,"node_id":"MDQ6VXNlcjM3MDgyNzI2","avatar_url":"https://avatars.githubusercontent.com/u/37082726?v=4","gravatar_id":"","url":"https://api.github.com/users/chalolowa","html_url":"https://github.com/chalolowa","followers_url":"https://api.github.com/users/chalolowa/followers","following_url":"https://api.github.com/users/chalolowa/following{/other_user}","gists_url":"https://api.github.com/users/chalolowa/gists{/gist_id}","starred_url":"https://api.github.com/users/chalolowa/starred{/owner}{/repo}","subscriptions_url":"https://api.github.com/users/chalolowa/subscriptions","organizations_url":"https://api.github.com/users/chalolowa/orgs","repos_url":"https://api.github.com/users/chalolowa/repos","events_url":"https://api.github.com/users/chalolowa/events{/privacy}","received_events_url":"https://api.github.com/users/chalolowa/received_events","type":"User","site_admin":false,"name":"locha","company":null,"blog":"fullstackdev.tech","location":"Kenya","email":null,"hireable":null,"bio":"Fullstack Developer (nodejs, javascript, java, python, ORM, firebase)\r\nBlockchain enthusiast","twitter_username":"Locha_740","public_repos":31,"public_gists":0,"followers":11,"following":14,"created_at":"2018-03-05T18:12:54Z","updated_at":"2024-04-19T08:36:45Z","private_gists":0,"total_private_repos":4,"owned_private_repos":4,"disk_usage":36794,"collaborators":2,"two_factor_authentication":true,"plan":{"name":"pro","space":976562499,"collaborators":0,"private_repos":9999}}
[info] 
[info] +  Success! Logged into GitHub as chalolowa 
[info] 
[debug] [2024-04-23T10:33:12.654Z] >>> [apiv2][query] GET https://api.github.com/repos//actions/secrets/public-key type=owner
[debug] [2024-04-23T10:33:13.129Z] <<< [apiv2][status] GET https://api.github.com/repos//actions/secrets/public-key 404
[debug] [2024-04-23T10:33:13.130Z] <<< [apiv2][body] GET https://api.github.com/repos//actions/secrets/public-key {"message":"Not Found","documentation_url":"https://docs.github.com/rest"}
[info] 
[info] 
[error] !  The provided authorization cannot be used with this repository. If this repository is in an organization, did you remember to grant access? 
[info] 
[info] i  Action required: Visit this URL to ensure access has been granted to the appropriate organization(s) for the Firebase CLI GitHub OAuth App: 
[info] https://github.com/settings/connections/applications/89cf50f02ac6aaed3484
[info] 
